[2024-04-03 12:46:25,351] 24 root - INFO - data ingestion started
[2024-04-03 12:46:25,371] 28 root - INFO -  i have read dataset as a df
[2024-04-03 12:46:25,420] 33 root - INFO -  i have saved the raw dataset in artifact folder
[2024-04-03 12:46:25,420] 35 root - INFO - here i have performed train test split
[2024-04-03 12:46:25,424] 38 root - INFO - train test split completed
[2024-04-03 12:46:25,457] 43 root - INFO - data ingestion part completed
[2024-04-03 12:46:25,500] 81 root - INFO - read train and test data complete
[2024-04-03 12:46:25,516] 82 root - INFO - Train Dataframe Head : 
       Airline   Source Destination Total_Stops  Price  Month_of_Journey  Day_of_Journey  Duration_in_minute
0    Air India  Kolkata    Banglore     3 stops  13007                 5              24                1470
1  Jet Airways    Delhi      Cochin      1 stop   5177                 3               4                 300
2  Jet Airways    Delhi      Cochin      1 stop  12898                 5              21                 660
3  Jet Airways    Delhi      Cochin      1 stop  16376                 5              21                 620
4  Jet Airways    Delhi      Cochin      1 stop  12242                 3              21                1250
[2024-04-03 12:46:25,521] 83 root - INFO - Test Dataframe Head : 
             Airline    Source Destination Total_Stops  Price  Month_of_Journey  Day_of_Journey  Duration_in_minute
0        Jet Airways   Kolkata    Banglore      1 stop  14781                 5              15                 400
1        Jet Airways    Mumbai   Hyderabad    non-stop   3210                 3               6                  90
2        Jet Airways     Delhi      Cochin      1 stop  10262                 6              27                1295
3  Multiple carriers     Delhi      Cochin      1 stop  17057                 6               3                 485
4             IndiGo  Banglore       Delhi    non-stop   4823                 1               5                 180
[2024-04-03 12:46:25,521] 30 root - INFO - Data Transformation initiated
[2024-04-03 12:46:25,521] 37 root - INFO - Pipeline Initiated
[2024-04-03 12:46:25,592] 119 root - INFO - Exception occured in the initiate_datatransformation
