[2024-04-03 12:41:25,077] 24 root - INFO - data ingestion started
[2024-04-03 12:41:25,093] 28 root - INFO -  i have read dataset as a df
[2024-04-03 12:41:25,142] 33 root - INFO -  i have saved the raw dataset in artifact folder
[2024-04-03 12:41:25,142] 35 root - INFO - here i have performed train test split
[2024-04-03 12:41:25,150] 38 root - INFO - train test split completed
[2024-04-03 12:41:25,191] 43 root - INFO - data ingestion part completed
[2024-04-03 12:41:25,241] 81 root - INFO - read train and test data complete
[2024-04-03 12:41:25,255] 82 root - INFO - Train Dataframe Head : 
       Airline    Source Destination Total_Stops  Price  Month_of_Journey  Day_of_Journey  Duration_in_minute
0       IndiGo  Banglore       Delhi    non-stop   4823                 6              18                 175
1  Jet Airways  Banglore       Delhi    non-stop   4030                 5              15                 180
2       IndiGo   Chennai     Kolkata    non-stop   3858                 3              27                 140
3       IndiGo   Kolkata    Banglore    non-stop   4174                 4              15                 155
4       IndiGo     Delhi      Cochin      1 stop   7451                 6               3                 480
[2024-04-03 12:41:25,266] 83 root - INFO - Test Dataframe Head : 
             Airline    Source Destination Total_Stops  Price  Month_of_Journey  Day_of_Journey  Duration_in_minute
0  Multiple carriers     Delhi      Cochin      1 stop  11622                 6               6                 585
1          Air India    Mumbai   Hyderabad      1 stop  10943                12               3                1345
2        Jet Airways  Banglore   New Delhi      1 stop  13555                 3              18                 640
3          Air India     Delhi      Cochin     2 stops  11753                12               6                1245
4            Vistara     Delhi      Cochin    non-stop   6688                 3              21                 190
[2024-04-03 12:41:25,266] 30 root - INFO - Data Transformation initiated
[2024-04-03 12:41:25,266] 37 root - INFO - Pipeline Initiated
[2024-04-03 12:41:25,368] 101 root - INFO - Applying preprocessing object on training and testing datasets.
[2024-04-03 12:41:25,370] 111 root - INFO - preprocessing pickle file saved
[2024-04-03 12:41:25,370] 25 root - INFO - Splitting Dependent and Independent variables from train and test data
[2024-04-03 12:41:25,497] 43 root - INFO - Model Report : {'LinearRegression': 0.6645403353183736, 'Lasso': 0.6648467090619213, 'Ridge': 0.6649418353589799, 'Elasticnet': 0.5801563130318623}
[2024-04-03 12:41:25,497] 56 root - INFO - Best Model Found , Model Name : Ridge , R2 Score : 0.6649418353589799
