[2024-04-05 09:36:21,919] 24 root - INFO - data ingestion started
[2024-04-05 09:36:21,934] 28 root - INFO -  i have read dataset as a df
[2024-04-05 09:36:21,966] 33 root - INFO -  i have saved the raw dataset in artifact folder
[2024-04-05 09:36:21,966] 35 root - INFO - here i have performed train test split
[2024-04-05 09:36:21,966] 38 root - INFO - train test split completed
[2024-04-05 09:36:21,997] 43 root - INFO - data ingestion part completed
[2024-04-05 09:36:22,044] 81 root - INFO - read train and test data complete
[2024-04-05 09:36:22,044] 82 root - INFO - Train Dataframe Head : 
             Airline   Source Destination Total_Stops  Month_of_Journey  Day_of_Journey  Duration_in_minute  Price
0  Multiple carriers    Delhi      Cochin      1 stop                 5              18                 385   9646
1          Air India    Delhi      Cochin     2 stops                 5              18                1380  13591
2             IndiGo    Delhi      Cochin      1 stop                 6              15                 665   6818
3        Jet Airways  Kolkata    Banglore      1 stop                 1               5                 840  13067
4        Jet Airways    Delhi      Cochin     2 stops                 5              21                1125  15129
[2024-04-05 09:36:22,053] 83 root - INFO - Test Dataframe Head : 
             Airline    Source Destination Total_Stops  Month_of_Journey  Day_of_Journey  Duration_in_minute  Price
0        Jet Airways  Banglore       Delhi    non-stop                 5              27                 180   4030
1        Jet Airways  Banglore   New Delhi      1 stop                 1               3                 365  54826
2        Jet Airways  Banglore   New Delhi      1 stop                 3              18                 550  12284
3  Multiple carriers     Delhi      Cochin      1 stop                 5              18                 720  10197
4        Jet Airways   Kolkata    Banglore      1 stop                 5              15                 330  14388
[2024-04-05 09:36:22,053] 30 root - INFO - Data Transformation initiated
[2024-04-05 09:36:22,053] 37 root - INFO - Pipeline Initiated
[2024-04-05 09:36:22,093] 101 root - INFO - Applying preprocessing object on training and testing datasets.
[2024-04-05 09:36:22,098] 111 root - INFO - preprocessing pickle file saved
[2024-04-05 09:36:22,098] 27 root - INFO - Splitting Dependent and Independent variables from train and test data
[2024-04-05 09:36:23,589] 46 root - INFO - Model Report : {'LinearRegression': 0.5857208469823441, 'xgboost': 0.8077341374176084, 'Lasso': 0.5858220587768678, 'Ridge': 0.5858103605133669, 'Elasticnet': 0.5476689408654927}
[2024-04-05 09:36:23,589] 59 root - INFO - Best Model Found , Model Name : xgboost , R2 Score : 0.8077341374176084
