[2024-04-05 10:02:27,401] 24 root - INFO - data ingestion started
[2024-04-05 10:02:27,413] 28 root - INFO -  i have read dataset as a df
[2024-04-05 10:02:27,445] 33 root - INFO -  i have saved the raw dataset in artifact folder
[2024-04-05 10:02:27,445] 35 root - INFO - here i have performed train test split
[2024-04-05 10:02:27,445] 38 root - INFO - train test split completed
[2024-04-05 10:02:27,475] 43 root - INFO - data ingestion part completed
[2024-04-05 10:02:27,506] 81 root - INFO - read train and test data complete
[2024-04-05 10:02:27,506] 82 root - INFO - Train Dataframe Head : 
   Airline    Source Destination Total_Stops  Month_of_Journey  Day_of_Journey  Duration_in_minute  Price
0   IndiGo  Banglore   New Delhi    non-stop                 3              24                 175   7303
1   IndiGo   Kolkata    Banglore    non-stop                 9               3                 155   4462
2   IndiGo   Kolkata    Banglore    non-stop                 3              27                 155   5198
3  Vistara  Banglore       Delhi    non-stop                 5              27                 160   4668
4   IndiGo     Delhi      Cochin    non-stop                 5              18                 195   6015
[2024-04-05 10:02:27,527] 83 root - INFO - Test Dataframe Head : 
             Airline    Source Destination Total_Stops  Month_of_Journey  Day_of_Journey  Duration_in_minute  Price
0           Air Asia  Banglore       Delhi    non-stop                12               5                 170   4282
1        Jet Airways  Banglore   New Delhi      1 stop                 3              21                1365   7832
2  Multiple carriers     Delhi      Cochin      1 stop                 5              21                 460   9103
3        Jet Airways   Kolkata    Banglore      1 stop                 9               5                 740  10844
4        Jet Airways   Kolkata    Banglore      1 stop                12               5                 800   9663
[2024-04-05 10:02:27,527] 30 root - INFO - Data Transformation initiated
[2024-04-05 10:02:27,527] 37 root - INFO - Pipeline Initiated
[2024-04-05 10:02:27,565] 101 root - INFO - Applying preprocessing object on training and testing datasets.
[2024-04-05 10:02:27,574] 111 root - INFO - preprocessing pickle file saved
[2024-04-05 10:02:27,574] 27 root - INFO - Splitting Dependent and Independent variables from train and test data
[2024-04-05 10:02:29,030] 46 root - INFO - Model Report : {'LinearRegression': 0.6014908706439219, 'xgboost': 0.8028438655220047, 'Lasso': 0.6012301129028703, 'Ridge': 0.6011939838810609, 'Elasticnet': 0.5691098248361666}
[2024-04-05 10:02:29,030] 59 root - INFO - Best Model Found , Model Name : xgboost , R2 Score : 0.8028438655220047
