[2024-04-05 09:37:43,644] 24 root - INFO - data ingestion started
[2024-04-05 09:37:43,652] 28 root - INFO -  i have read dataset as a df
[2024-04-05 09:37:43,683] 33 root - INFO -  i have saved the raw dataset in artifact folder
[2024-04-05 09:37:43,683] 35 root - INFO - here i have performed train test split
[2024-04-05 09:37:43,691] 38 root - INFO - train test split completed
[2024-04-05 09:37:43,716] 43 root - INFO - data ingestion part completed
[2024-04-05 09:37:43,748] 81 root - INFO - read train and test data complete
[2024-04-05 09:37:43,759] 82 root - INFO - Train Dataframe Head : 
             Airline   Source Destination Total_Stops  Month_of_Journey  Day_of_Journey  Duration_in_minute  Price
0        Jet Airways   Mumbai   Hyderabad    non-stop                12               6                  85   8040
1        Jet Airways  Kolkata    Banglore      1 stop                 6               5                 590  14781
2  Multiple carriers    Delhi      Cochin      1 stop                 9               3                 535  16259
3             IndiGo  Kolkata    Banglore    non-stop                 1               3                 165   6565
4             IndiGo   Mumbai   Hyderabad    non-stop                 1               5                  90   4392
[2024-04-05 09:37:43,765] 83 root - INFO - Test Dataframe Head : 
       Airline    Source Destination Total_Stops  Month_of_Journey  Day_of_Journey  Duration_in_minute  Price
0  Jet Airways     Delhi      Cochin     2 stops                 5              18                1125  13029
1  Jet Airways   Kolkata    Banglore      1 stop                 9               6                 875  14178
2       IndiGo   Kolkata    Banglore    non-stop                 4              15                 160   4174
3    Air India  Banglore   New Delhi    non-stop                 9               3                 165   4966
4    Air India   Kolkata    Banglore    non-stop                 4              21                 150   6245
[2024-04-05 09:37:43,765] 30 root - INFO - Data Transformation initiated
[2024-04-05 09:37:43,765] 37 root - INFO - Pipeline Initiated
[2024-04-05 09:37:43,807] 101 root - INFO - Applying preprocessing object on training and testing datasets.
[2024-04-05 09:37:43,812] 111 root - INFO - preprocessing pickle file saved
[2024-04-05 09:37:43,812] 27 root - INFO - Splitting Dependent and Independent variables from train and test data
[2024-04-05 09:37:45,189] 46 root - INFO - Model Report : {'LinearRegression': 0.575889579371819, 'xgboost': 0.7914380346416153, 'Lasso': 0.5755022388321797, 'Ridge': 0.575512274449659, 'Elasticnet': 0.5341034956759634}
[2024-04-05 09:37:45,189] 59 root - INFO - Best Model Found , Model Name : xgboost , R2 Score : 0.7914380346416153
