[2024-04-04 15:08:08,930] 24 root - INFO - data ingestion started
[2024-04-04 15:08:08,944] 28 root - INFO -  i have read dataset as a df
[2024-04-04 15:08:08,975] 33 root - INFO -  i have saved the raw dataset in artifact folder
[2024-04-04 15:08:08,975] 35 root - INFO - here i have performed train test split
[2024-04-04 15:08:08,975] 38 root - INFO - train test split completed
[2024-04-04 15:08:09,023] 43 root - INFO - data ingestion part completed
[2024-04-04 15:08:09,054] 81 root - INFO - read train and test data complete
[2024-04-04 15:08:09,054] 82 root - INFO - Train Dataframe Head : 
       Airline    Source Destination Total_Stops  Month_of_Journey  Day_of_Journey  Duration_in_minute  Price
0  Jet Airways   Kolkata    Banglore      1 stop                 6               6                1025  14571
1  Jet Airways     Delhi      Cochin     2 stops                 6              24                1025  13014
2  Jet Airways   Kolkata    Banglore      1 stop                 6               6                1005  12692
3  Jet Airways   Kolkata    Banglore      1 stop                12               6                 590  13626
4      Vistara  Banglore       Delhi    non-stop                 5              18                 170   4668
[2024-04-04 15:08:09,054] 83 root - INFO - Test Dataframe Head : 
       Airline   Source Destination Total_Stops  Month_of_Journey  Day_of_Journey  Duration_in_minute  Price
0  Jet Airways    Delhi      Cochin      1 stop                 3               6                1680  14714
1       IndiGo  Kolkata    Banglore    non-stop                12               4                 160   4174
2     SpiceJet  Chennai     Kolkata    non-stop                 5              15                 135   3597
3       IndiGo  Kolkata    Banglore    non-stop                 4              18                 155   4174
4  Jet Airways  Kolkata    Banglore      1 stop                 1               4                 960  12681
[2024-04-04 15:08:09,054] 30 root - INFO - Data Transformation initiated
[2024-04-04 15:08:09,054] 37 root - INFO - Pipeline Initiated
[2024-04-04 15:08:09,108] 101 root - INFO - Applying preprocessing object on training and testing datasets.
[2024-04-04 15:08:09,114] 111 root - INFO - preprocessing pickle file saved
[2024-04-04 15:08:09,114] 27 root - INFO - Splitting Dependent and Independent variables from train and test data
[2024-04-04 15:08:10,570] 46 root - INFO - Model Report : {'LinearRegression': 0.6425727699112249, 'xgboost': 0.7731170208080004, 'Lasso': 0.6426024072529559, 'Ridge': 0.6424433158881471, 'Elasticnet': 0.5769089793719391}
[2024-04-04 15:08:10,570] 59 root - INFO - Best Model Found , Model Name : xgboost , R2 Score : 0.7731170208080004
